<?xml version="1.0" encoding="UTF-8"?>
<!-- Generated by org.testng.reporters.JUnitReportReporter -->
<testsuite hostname="Ojasvii-12382" failures="0" tests="3" name="testcase.herokuapp.BookingId" time="5.980" errors="0" timestamp="2024-10-02T21:02:12 IST" skipped="0">
  <testcase classname="testcase.herokuapp.BookingId" name="getBookingIdDetailsByName" time="1.487"/>
  <system-out/>
  <testcase classname="testcase.herokuapp.BookingId" name="getBookingIdAll" time="3.055"/>
  <system-out/>
  <testcase classname="testcase.herokuapp.BookingId" name="getBookingIdDetailsByDate" time="1.438"/>
  <system-out/>
</testsuite> <!-- testcase.herokuapp.BookingId -->
