<?xml version="1.0" encoding="UTF-8"?>
<!-- Generated by org.testng.reporters.JUnitReportReporter -->
<testsuite hostname="Ojasvii-12382" failures="0" tests="1" name="testcase.reqres.SingleUser" time="1.516" errors="0" timestamp="2024-11-14T11:32:21 IST" skipped="0">
  <testcase classname="testcase.reqres.SingleUser" name="validUserDataRetrievalPositiveCases" time="1.516"/>
  <system-out/>
</testsuite> <!-- testcase.reqres.SingleUser -->
