<?xml version="1.0" encoding="UTF-8"?>
<!-- Generated by org.testng.reporters.JUnitReportReporter -->
<testsuite hostname="Ojasvii-12382" failures="0" tests="3" name="testcase.swagger.Pet" time="5.669" errors="0" timestamp="2024-10-17T21:40:12 IST" skipped="0">
  <testcase classname="testcase.swagger.Pet" name="pet" time="2.936"/>
  <system-out/>
  <testcase classname="testcase.swagger.Pet" name="petUploadWithoutFile" time="1.366"/>
  <system-out/>
  <testcase classname="testcase.swagger.Pet" name="verifyKeyinResponse" time="1.367"/>
  <system-out/>
</testsuite> <!-- testcase.swagger.Pet -->
