<?xml version="1.0" encoding="UTF-8"?>
<!-- Generated by org.testng.reporters.JUnitReportReporter -->
<testsuite hostname="Ojasvii-12382" failures="0" tests="3" name="testcase.reqres.ListUsers" time="2.768" errors="0" timestamp="2024-10-18T11:44:44 IST" skipped="0">
  <testcase classname="testcase.reqres.ListUsers" name="verifyKeyExists" time="1.999"/>
  <system-out/>
  <testcase classname="testcase.reqres.ListUsers" name="listUsers" time="0.657"/>
  <system-out/>
  <testcase classname="testcase.reqres.ListUsers" name="verifyDataArray" time="0.112"/>
  <system-out/>
</testsuite> <!-- testcase.reqres.ListUsers -->
