<?xml version="1.0" encoding="UTF-8"?>
<!-- Generated by org.testng.reporters.JUnitReportReporter -->
<testsuite hostname="Ojasvii-12382" failures="0" tests="1" name="testcase.herokuapp.CreateToken" time="3.299" errors="0" timestamp="2024-09-30T19:47:45 IST" skipped="0">
  <testcase classname="testcase.herokuapp.CreateToken" name="createToken" time="3.299"/>
  <system-out/>
</testsuite> <!-- testcase.herokuapp.CreateToken -->
