<?xml version="1.0" encoding="UTF-8"?>
<!-- Generated by org.testng.reporters.JUnitReportReporter -->
<testsuite hostname="Ojasvii-12382" failures="0" tests="1" name="testcase.herokuapp.UpdateBooking" time="1.262" errors="0" timestamp="2024-10-03T16:43:00 IST" skipped="0">
  <testcase classname="testcase.herokuapp.UpdateBooking" name="updateBooking" time="1.262"/>
  <system-out/>
</testsuite> <!-- testcase.herokuapp.UpdateBooking -->
