<?xml version="1.0" encoding="UTF-8"?>
<!-- Generated by org.testng.reporters.JUnitReportReporter -->
<testsuite hostname="Ojasvii-12382" failures="0" tests="3" name="testcase.herokuapp.BookingId" time="4.392" errors="0" timestamp="2024-10-03T14:16:18 IST" skipped="0">
  <testcase classname="testcase.herokuapp.BookingId" name="getBookingIdAll" time="1.503"/>
  <system-out/>
  <testcase classname="testcase.herokuapp.BookingId" name="getBookingIdDetailsByName" time="1.375"/>
  <system-out/>
  <testcase classname="testcase.herokuapp.BookingId" name="getBookingIdDetailsByDate" time="1.514"/>
  <system-out/>
</testsuite> <!-- testcase.herokuapp.BookingId -->
