<?xml version="1.0" encoding="UTF-8"?>
<!-- Generated by org.testng.reporters.JUnitReportReporter -->
<testsuite hostname="Ojasvii-12382" failures="0" tests="3" name="testcase.swagger.Pet" time="5.053" errors="0" timestamp="2024-11-14T10:13:37 IST" skipped="0">
  <testcase classname="testcase.swagger.Pet" name="pet" time="2.536"/>
  <system-out/>
  <testcase classname="testcase.swagger.Pet" name="verifyKeyinResponse" time="1.257"/>
  <system-out/>
  <testcase classname="testcase.swagger.Pet" name="petUploadWithoutFile" time="1.260"/>
  <system-out/>
</testsuite> <!-- testcase.swagger.Pet -->
