<?xml version="1.0" encoding="UTF-8"?>
<!-- Generated by org.testng.reporters.JUnitReportReporter -->
<testsuite hostname="Ojasvii-12382" failures="0" tests="1" name="testcase.herokuapp.CreateToken" time="3.050" errors="0" timestamp="2024-10-03T14:16:18 IST" skipped="0">
  <testcase classname="testcase.herokuapp.CreateToken" name="createToken" time="3.050"/>
  <system-out/>
</testsuite> <!-- testcase.herokuapp.CreateToken -->
