<?xml version="1.0" encoding="UTF-8"?>
<!-- Generated by org.testng.reporters.JUnitReportReporter -->
<testsuite hostname="Ojasvii-12382" failures="0" tests="1" name="testcase.herokuapp.DeleteBooking" time="1.179" errors="0" timestamp="2024-10-03T16:43:00 IST" skipped="0">
  <testcase classname="testcase.herokuapp.DeleteBooking" name="deleteBooking" time="1.179"/>
  <system-out/>
</testsuite> <!-- testcase.herokuapp.DeleteBooking -->
