<?xml version="1.0" encoding="UTF-8"?>
<!-- Generated by org.testng.reporters.JUnitReportReporter -->
<testsuite hostname="Ojasvii-12382" failures="0" tests="3" name="testcase.reqres.ListUsers" time="2.367" errors="0" timestamp="2024-10-11T14:14:07 IST" skipped="0">
  <testcase classname="testcase.reqres.ListUsers" name="verifyKeyExists" time="1.567"/>
  <system-out/>
  <testcase classname="testcase.reqres.ListUsers" name="listUsers" time="0.625"/>
  <system-out/>
  <testcase classname="testcase.reqres.ListUsers" name="verifyDataArray" time="0.175"/>
  <system-out/>
</testsuite> <!-- testcase.reqres.ListUsers -->
