<?xml version="1.0" encoding="UTF-8"?>
<!-- Generated by org.testng.reporters.JUnitReportReporter -->
<testsuite hostname="Ojasvii-12382" failures="0" tests="1" name="testcase.herokuapp.CreateBooking" time="1.378" errors="0" timestamp="2024-10-03T14:16:18 IST" skipped="0">
  <testcase classname="testcase.herokuapp.CreateBooking" name="createBooking" time="1.378"/>
  <system-out/>
</testsuite> <!-- testcase.herokuapp.CreateBooking -->
